{"/Users/keshav/package/ts-queue/src/index.ts": {"path":"/Users/keshav/package/ts-queue/src/index.ts","statementMap":{"0":{"start":{"line":1,"column":0},"end":{"line":1,"column":null}},"1":{"start":{"line":2,"column":1},"end":{"line":2,"column":null}},"2":{"start":{"line":3,"column":1},"end":{"line":3,"column":null}},"3":{"start":{"line":6,"column":0},"end":{"line":6,"column":null}},"4":{"start":{"line":7,"column":1},"end":{"line":7,"column":null}},"5":{"start":{"line":8,"column":1},"end":{"line":8,"column":null}}},"fnMap":{"0":{"name":"(anonymous_0)","decl":{"start":{"line":2,"column":1},"end":{"line":2,"column":6}},"loc":{"start":{"line":2,"column":1},"end":{"line":2,"column":null}}},"1":{"name":"(anonymous_1)","decl":{"start":{"line":3,"column":1},"end":{"line":3,"column":16}},"loc":{"start":{"line":3,"column":1},"end":{"line":3,"column":null}}},"2":{"name":"(anonymous_2)","decl":{"start":{"line":7,"column":1},"end":{"line":7,"column":13}},"loc":{"start":{"line":7,"column":1},"end":{"line":7,"column":null}}},"3":{"name":"(anonymous_3)","decl":{"start":{"line":8,"column":1},"end":{"line":8,"column":23}},"loc":{"start":{"line":8,"column":1},"end":{"line":8,"column":null}}}},"branchMap":{},"s":{"0":2,"1":9,"2":4,"3":2,"4":10,"5":4},"f":{"0":7,"1":2,"2":8,"3":2},"b":{}}
,"/Users/keshav/package/ts-queue/src/promise-queue.ts": {"path":"/Users/keshav/package/ts-queue/src/promise-queue.ts","statementMap":{"0":{"start":{"line":15,"column":13},"end":{"line":18,"column":null}},"1":{"start":{"line":32,"column":9},"end":{"line":32,"column":null}},"2":{"start":{"line":33,"column":9},"end":{"line":33,"column":null}},"3":{"start":{"line":34,"column":9},"end":{"line":34,"column":null}},"4":{"start":{"line":40,"column":9},"end":{"line":40,"column":null}},"5":{"start":{"line":46,"column":2},"end":{"line":46,"column":null}},"6":{"start":{"line":58,"column":2},"end":{"line":61,"column":null}},"7":{"start":{"line":62,"column":2},"end":{"line":62,"column":null}},"8":{"start":{"line":71,"column":2},"end":{"line":71,"column":null}},"9":{"start":{"line":72,"column":2},"end":{"line":72,"column":null}},"10":{"start":{"line":73,"column":2},"end":{"line":73,"column":null}},"11":{"start":{"line":74,"column":2},"end":{"line":74,"column":null}},"12":{"start":{"line":75,"column":2},"end":{"line":75,"column":null}},"13":{"start":{"line":86,"column":13},"end":{"line":86,"column":30}},"14":{"start":{"line":87,"column":2},"end":{"line":88,"column":null}},"15":{"start":{"line":88,"column":3},"end":{"line":88,"column":null}},"16":{"start":{"line":89,"column":2},"end":{"line":89,"column":null}},"17":{"start":{"line":99,"column":2},"end":{"line":106,"column":null}},"18":{"start":{"line":101,"column":3},"end":{"line":102,"column":null}},"19":{"start":{"line":102,"column":4},"end":{"line":102,"column":null}},"20":{"start":{"line":105,"column":3},"end":{"line":105,"column":null}},"21":{"start":{"line":109,"column":2},"end":{"line":127,"column":null}},"22":{"start":{"line":111,"column":26},"end":{"line":111,"column":55}},"23":{"start":{"line":114,"column":3},"end":{"line":126,"column":null}},"24":{"start":{"line":115,"column":4},"end":{"line":115,"column":null}},"25":{"start":{"line":116,"column":4},"end":{"line":116,"column":null}},"26":{"start":{"line":117,"column":4},"end":{"line":117,"column":null}},"27":{"start":{"line":118,"column":4},"end":{"line":118,"column":null}},"28":{"start":{"line":122,"column":4},"end":{"line":122,"column":null}},"29":{"start":{"line":123,"column":4},"end":{"line":123,"column":null}},"30":{"start":{"line":124,"column":4},"end":{"line":124,"column":null}},"31":{"start":{"line":125,"column":4},"end":{"line":125,"column":null}},"32":{"start":{"line":128,"column":2},"end":{"line":128,"column":null}},"33":{"start":{"line":136,"column":13},"end":{"line":136,"column":30}},"34":{"start":{"line":137,"column":2},"end":{"line":138,"column":null}},"35":{"start":{"line":138,"column":3},"end":{"line":138,"column":null}},"36":{"start":{"line":139,"column":2},"end":{"line":139,"column":null}},"37":{"start":{"line":148,"column":2},"end":{"line":149,"column":null}},"38":{"start":{"line":149,"column":3},"end":{"line":149,"column":null}},"39":{"start":{"line":152,"column":25},"end":{"line":152,"column":67}},"40":{"start":{"line":156,"column":2},"end":{"line":164,"column":null}},"41":{"start":{"line":157,"column":3},"end":{"line":157,"column":null}},"42":{"start":{"line":160,"column":3},"end":{"line":161,"column":null}},"43":{"start":{"line":161,"column":4},"end":{"line":161,"column":null}},"44":{"start":{"line":163,"column":3},"end":{"line":163,"column":null}},"45":{"start":{"line":167,"column":2},"end":{"line":167,"column":null}},"46":{"start":{"line":177,"column":2},"end":{"line":178,"column":null}},"47":{"start":{"line":178,"column":3},"end":{"line":178,"column":null}},"48":{"start":{"line":181,"column":15},"end":{"line":181,"column":66}},"49":{"start":{"line":184,"column":2},"end":{"line":184,"column":null}},"50":{"start":{"line":184,"column":50},"end":{"line":184,"column":63}},"51":{"start":{"line":192,"column":16},"end":{"line":192,"column":20}},"52":{"start":{"line":195,"column":2},"end":{"line":215,"column":null}},"53":{"start":{"line":198,"column":17},"end":{"line":198,"column":34}},"54":{"start":{"line":199,"column":18},"end":{"line":199,"column":36}},"55":{"start":{"line":200,"column":4},"end":{"line":205,"column":null}},"56":{"start":{"line":209,"column":18},"end":{"line":209,"column":36}},"57":{"start":{"line":210,"column":4},"end":{"line":213,"column":null}},"58":{"start":{"line":225,"column":2},"end":{"line":225,"column":null}},"59":{"start":{"line":233,"column":2},"end":{"line":233,"column":null}},"60":{"start":{"line":242,"column":2},"end":{"line":242,"column":null}},"61":{"start":{"line":251,"column":2},"end":{"line":251,"column":null}},"62":{"start":{"line":260,"column":2},"end":{"line":260,"column":null}},"63":{"start":{"line":261,"column":2},"end":{"line":261,"column":null}},"64":{"start":{"line":270,"column":2},"end":{"line":270,"column":null}},"65":{"start":{"line":271,"column":2},"end":{"line":271,"column":null}},"66":{"start":{"line":26,"column":0},"end":{"line":26,"column":13}}},"fnMap":{"0":{"name":"(anonymous_7)","decl":{"start":{"line":45,"column":1},"end":{"line":45,"column":null}},"loc":{"start":{"line":45,"column":1},"end":{"line":47,"column":2}}},"1":{"name":"(anonymous_8)","decl":{"start":{"line":57,"column":1},"end":{"line":57,"column":4}},"loc":{"start":{"line":57,"column":44},"end":{"line":63,"column":2}}},"2":{"name":"(anonymous_9)","decl":{"start":{"line":70,"column":1},"end":{"line":70,"column":6}},"loc":{"start":{"line":70,"column":6},"end":{"line":76,"column":2}}},"3":{"name":"(anonymous_10)","decl":{"start":{"line":85,"column":7},"end":{"line":85,"column":14}},"loc":{"start":{"line":85,"column":14},"end":{"line":90,"column":null}}},"4":{"name":"(anonymous_12)","decl":{"start":{"line":97,"column":7},"end":{"line":97,"column":11}},"loc":{"start":{"line":97,"column":11},"end":{"line":129,"column":null}}},"5":{"name":"(anonymous_14)","decl":{"start":{"line":135,"column":7},"end":{"line":135,"column":13}},"loc":{"start":{"line":135,"column":13},"end":{"line":140,"column":null}}},"6":{"name":"(anonymous_16)","decl":{"start":{"line":146,"column":7},"end":{"line":146,"column":11}},"loc":{"start":{"line":146,"column":11},"end":{"line":168,"column":null}}},"7":{"name":"(anonymous_18)","decl":{"start":{"line":175,"column":7},"end":{"line":175,"column":12}},"loc":{"start":{"line":175,"column":25},"end":{"line":185,"column":null}}},"8":{"name":"(anonymous_20)","decl":{"start":{"line":184,"column":30},"end":{"line":184,"column":31}},"loc":{"start":{"line":184,"column":50},"end":{"line":184,"column":63}}},"9":{"name":"(anonymous_21)","decl":{"start":{"line":190,"column":1},"end":{"line":190,"column":2}},"loc":{"start":{"line":190,"column":23},"end":{"line":216,"column":2}}},"10":{"name":"(anonymous_22)","decl":{"start":{"line":197,"column":9},"end":{"line":197,"column":13}},"loc":{"start":{"line":197,"column":13},"end":{"line":206,"column":null}}},"11":{"name":"(anonymous_24)","decl":{"start":{"line":208,"column":9},"end":{"line":208,"column":15}},"loc":{"start":{"line":208,"column":15},"end":{"line":214,"column":null}}},"12":{"name":"(anonymous_26)","decl":{"start":{"line":224,"column":1},"end":{"line":224,"column":8}},"loc":{"start":{"line":224,"column":8},"end":{"line":226,"column":2}}},"13":{"name":"(anonymous_27)","decl":{"start":{"line":232,"column":1},"end":{"line":232,"column":5}},"loc":{"start":{"line":232,"column":5},"end":{"line":234,"column":2}}},"14":{"name":"(anonymous_28)","decl":{"start":{"line":241,"column":9},"end":{"line":241,"column":18}},"loc":{"start":{"line":241,"column":18},"end":{"line":243,"column":2}}},"15":{"name":"(anonymous_29)","decl":{"start":{"line":250,"column":9},"end":{"line":250,"column":23}},"loc":{"start":{"line":250,"column":36},"end":{"line":252,"column":2}}},"16":{"name":"(anonymous_30)","decl":{"start":{"line":259,"column":1},"end":{"line":259,"column":8}},"loc":{"start":{"line":259,"column":8},"end":{"line":262,"column":2}}},"17":{"name":"(anonymous_31)","decl":{"start":{"line":269,"column":1},"end":{"line":269,"column":8}},"loc":{"start":{"line":269,"column":8},"end":{"line":272,"column":2}}}},"branchMap":{"0":{"loc":{"start":{"line":60,"column":9},"end":{"line":60,"column":55}},"type":"cond-expr","locations":[{"start":{"line":60,"column":46},"end":{"line":60,"column":48}},{"start":{"line":60,"column":51},"end":{"line":60,"column":55}}]},"1":{"loc":{"start":{"line":60,"column":10},"end":{"line":60,"column":42}},"type":"binary-expr","locations":[{"start":{"line":60,"column":10},"end":{"line":60,"column":22}},{"start":{"line":60,"column":26},"end":{"line":60,"column":42}}]},"2":{"loc":{"start":{"line":87,"column":2},"end":{"line":88,"column":null}},"type":"if","locations":[{"start":{"line":87,"column":2},"end":{"line":88,"column":null}}]},"3":{"loc":{"start":{"line":99,"column":2},"end":{"line":106,"column":null}},"type":"if","locations":[{"start":{"line":99,"column":2},"end":{"line":106,"column":null}}]},"4":{"loc":{"start":{"line":101,"column":3},"end":{"line":102,"column":null}},"type":"if","locations":[{"start":{"line":101,"column":3},"end":{"line":102,"column":null}}]},"5":{"loc":{"start":{"line":109,"column":2},"end":{"line":127,"column":null}},"type":"if","locations":[{"start":{"line":109,"column":2},"end":{"line":127,"column":null}}]},"6":{"loc":{"start":{"line":137,"column":2},"end":{"line":138,"column":null}},"type":"if","locations":[{"start":{"line":137,"column":2},"end":{"line":138,"column":null}}]},"7":{"loc":{"start":{"line":148,"column":2},"end":{"line":149,"column":null}},"type":"if","locations":[{"start":{"line":148,"column":2},"end":{"line":149,"column":null}}]},"8":{"loc":{"start":{"line":156,"column":2},"end":{"line":164,"column":null}},"type":"if","locations":[{"start":{"line":156,"column":2},"end":{"line":164,"column":null}}]},"9":{"loc":{"start":{"line":160,"column":3},"end":{"line":161,"column":null}},"type":"if","locations":[{"start":{"line":160,"column":3},"end":{"line":161,"column":null}}]},"10":{"loc":{"start":{"line":177,"column":2},"end":{"line":178,"column":null}},"type":"if","locations":[{"start":{"line":177,"column":2},"end":{"line":178,"column":null}}]},"11":{"loc":{"start":{"line":177,"column":6},"end":{"line":177,"column":41}},"type":"binary-expr","locations":[{"start":{"line":177,"column":6},"end":{"line":177,"column":29}},{"start":{"line":177,"column":33},"end":{"line":177,"column":41}}]},"12":{"loc":{"start":{"line":242,"column":9},"end":{"line":242,"column":48}},"type":"cond-expr","locations":[{"start":{"line":242,"column":22},"end":{"line":242,"column":23}},{"start":{"line":242,"column":26},"end":{"line":242,"column":48}}]},"13":{"loc":{"start":{"line":251,"column":9},"end":{"line":251,"column":64}},"type":"cond-expr","locations":[{"start":{"line":251,"column":22},"end":{"line":251,"column":23}},{"start":{"line":251,"column":26},"end":{"line":251,"column":64}}]}},"s":{"0":2,"1":8,"2":8,"3":8,"4":8,"5":8,"6":35,"7":35,"8":1,"9":1,"10":1,"11":1,"12":1,"13":5,"14":4,"15":1,"16":3,"17":11,"18":2,"19":1,"20":1,"21":9,"22":7,"23":7,"24":7,"25":6,"26":6,"27":6,"28":1,"29":1,"30":1,"31":1,"32":2,"33":6,"34":6,"35":1,"36":5,"37":30,"38":2,"39":28,"40":28,"41":6,"42":6,"43":1,"44":5,"45":22,"46":3,"47":1,"48":2,"49":2,"50":3,"51":2,"52":2,"53":18,"54":18,"55":18,"56":1,"57":1,"58":3,"59":33,"60":35,"61":2,"62":1,"63":1,"64":2,"65":2,"66":2},"f":{"0":8,"1":35,"2":1,"3":5,"4":11,"5":6,"6":30,"7":3,"8":3,"9":2,"10":18,"11":1,"12":3,"13":33,"14":35,"15":2,"16":1,"17":2},"b":{"0":[3,32],"1":[35,35],"2":[1],"3":[2],"4":[1],"5":[7],"6":[1],"7":[2],"8":[6],"9":[1],"10":[1],"11":[3,2],"12":[32,3],"13":[1,1]}}
,"/Users/keshav/package/ts-queue/src/queue.ts": {"path":"/Users/keshav/package/ts-queue/src/queue.ts","statementMap":{"0":{"start":{"line":16,"column":9},"end":{"line":16,"column":null}},"1":{"start":{"line":23,"column":2},"end":{"line":23,"column":null}},"2":{"start":{"line":32,"column":2},"end":{"line":35,"column":null}},"3":{"start":{"line":33,"column":3},"end":{"line":33,"column":null}},"4":{"start":{"line":35,"column":3},"end":{"line":35,"column":null}},"5":{"start":{"line":36,"column":2},"end":{"line":36,"column":null}},"6":{"start":{"line":45,"column":2},"end":{"line":45,"column":null}},"7":{"start":{"line":46,"column":2},"end":{"line":46,"column":null}},"8":{"start":{"line":56,"column":2},"end":{"line":57,"column":null}},"9":{"start":{"line":57,"column":3},"end":{"line":57,"column":null}},"10":{"start":{"line":59,"column":2},"end":{"line":59,"column":null}},"11":{"start":{"line":69,"column":2},"end":{"line":69,"column":null}},"12":{"start":{"line":79,"column":2},"end":{"line":80,"column":null}},"13":{"start":{"line":80,"column":3},"end":{"line":80,"column":null}},"14":{"start":{"line":82,"column":2},"end":{"line":82,"column":null}},"15":{"start":{"line":92,"column":2},"end":{"line":95,"column":null}},"16":{"start":{"line":103,"column":2},"end":{"line":103,"column":null}},"17":{"start":{"line":111,"column":2},"end":{"line":111,"column":null}},"18":{"start":{"line":118,"column":16},"end":{"line":118,"column":20}},"19":{"start":{"line":119,"column":2},"end":{"line":138,"column":null}},"20":{"start":{"line":121,"column":17},"end":{"line":121,"column":34}},"21":{"start":{"line":122,"column":18},"end":{"line":122,"column":30}},"22":{"start":{"line":123,"column":4},"end":{"line":128,"column":null}},"23":{"start":{"line":132,"column":18},"end":{"line":132,"column":30}},"24":{"start":{"line":133,"column":4},"end":{"line":136,"column":null}},"25":{"start":{"line":146,"column":2},"end":{"line":147,"column":null}},"26":{"start":{"line":147,"column":3},"end":{"line":147,"column":null}},"27":{"start":{"line":147,"column":22},"end":{"line":147,"column":29}},"28":{"start":{"line":148,"column":2},"end":{"line":148,"column":null}},"29":{"start":{"line":148,"column":32},"end":{"line":148,"column":43}},"30":{"start":{"line":157,"column":2},"end":{"line":157,"column":null}},"31":{"start":{"line":166,"column":2},"end":{"line":166,"column":null}},"32":{"start":{"line":167,"column":2},"end":{"line":167,"column":null}},"33":{"start":{"line":176,"column":2},"end":{"line":176,"column":null}},"34":{"start":{"line":177,"column":2},"end":{"line":177,"column":null}},"35":{"start":{"line":6,"column":0},"end":{"line":6,"column":13}},"36":{"start":{"line":184,"column":13},"end":{"line":187,"column":null}}},"fnMap":{"0":{"name":"(anonymous_0)","decl":{"start":{"line":22,"column":1},"end":{"line":22,"column":13}},"loc":{"start":{"line":22,"column":31},"end":{"line":24,"column":2}}},"1":{"name":"(anonymous_1)","decl":{"start":{"line":31,"column":1},"end":{"line":31,"column":4}},"loc":{"start":{"line":31,"column":23},"end":{"line":37,"column":2}}},"2":{"name":"(anonymous_2)","decl":{"start":{"line":44,"column":1},"end":{"line":44,"column":6}},"loc":{"start":{"line":44,"column":6},"end":{"line":47,"column":2}}},"3":{"name":"(anonymous_3)","decl":{"start":{"line":55,"column":1},"end":{"line":55,"column":8}},"loc":{"start":{"line":55,"column":8},"end":{"line":60,"column":2}}},"4":{"name":"(anonymous_4)","decl":{"start":{"line":67,"column":1},"end":{"line":67,"column":5}},"loc":{"start":{"line":67,"column":5},"end":{"line":70,"column":2}}},"5":{"name":"(anonymous_5)","decl":{"start":{"line":78,"column":1},"end":{"line":78,"column":7}},"loc":{"start":{"line":78,"column":7},"end":{"line":83,"column":2}}},"6":{"name":"(anonymous_6)","decl":{"start":{"line":90,"column":1},"end":{"line":90,"column":5}},"loc":{"start":{"line":90,"column":5},"end":{"line":96,"column":2}}},"7":{"name":"(anonymous_7)","decl":{"start":{"line":102,"column":1},"end":{"line":102,"column":5}},"loc":{"start":{"line":102,"column":5},"end":{"line":104,"column":2}}},"8":{"name":"(anonymous_8)","decl":{"start":{"line":110,"column":1},"end":{"line":110,"column":8}},"loc":{"start":{"line":110,"column":8},"end":{"line":112,"column":2}}},"9":{"name":"(anonymous_9)","decl":{"start":{"line":117,"column":1},"end":{"line":117,"column":2}},"loc":{"start":{"line":117,"column":18},"end":{"line":139,"column":2}}},"10":{"name":"(anonymous_10)","decl":{"start":{"line":120,"column":3},"end":{"line":120,"column":7}},"loc":{"start":{"line":120,"column":7},"end":{"line":129,"column":4}}},"11":{"name":"(anonymous_11)","decl":{"start":{"line":131,"column":3},"end":{"line":131,"column":9}},"loc":{"start":{"line":131,"column":9},"end":{"line":137,"column":4}}},"12":{"name":"(anonymous_12)","decl":{"start":{"line":145,"column":1},"end":{"line":145,"column":9}},"loc":{"start":{"line":145,"column":37},"end":{"line":149,"column":2}}},"13":{"name":"(anonymous_13)","decl":{"start":{"line":147,"column":13},"end":{"line":147,"column":14}},"loc":{"start":{"line":147,"column":22},"end":{"line":147,"column":29}}},"14":{"name":"(anonymous_14)","decl":{"start":{"line":148,"column":25},"end":{"line":148,"column":26}},"loc":{"start":{"line":148,"column":32},"end":{"line":148,"column":43}}},"15":{"name":"(anonymous_15)","decl":{"start":{"line":156,"column":9},"end":{"line":156,"column":18}},"loc":{"start":{"line":156,"column":18},"end":{"line":158,"column":2}}},"16":{"name":"(anonymous_16)","decl":{"start":{"line":165,"column":1},"end":{"line":165,"column":8}},"loc":{"start":{"line":165,"column":8},"end":{"line":168,"column":2}}},"17":{"name":"(anonymous_17)","decl":{"start":{"line":175,"column":1},"end":{"line":175,"column":8}},"loc":{"start":{"line":175,"column":8},"end":{"line":178,"column":2}}}},"branchMap":{"0":{"loc":{"start":{"line":23,"column":16},"end":{"line":23,"column":29}},"type":"binary-expr","locations":[{"start":{"line":23,"column":16},"end":{"line":23,"column":23}},{"start":{"line":23,"column":27},"end":{"line":23,"column":29}}]},"1":{"loc":{"start":{"line":32,"column":2},"end":{"line":35,"column":null}},"type":"if","locations":[{"start":{"line":32,"column":2},"end":{"line":35,"column":null}},{"start":{"line":35,"column":3},"end":{"line":35,"column":null}}]},"2":{"loc":{"start":{"line":56,"column":2},"end":{"line":57,"column":null}},"type":"if","locations":[{"start":{"line":56,"column":2},"end":{"line":57,"column":null}}]},"3":{"loc":{"start":{"line":69,"column":9},"end":{"line":69,"column":70}},"type":"cond-expr","locations":[{"start":{"line":69,"column":34},"end":{"line":69,"column":63}},{"start":{"line":69,"column":66},"end":{"line":69,"column":70}}]},"4":{"loc":{"start":{"line":79,"column":2},"end":{"line":80,"column":null}},"type":"if","locations":[{"start":{"line":79,"column":2},"end":{"line":80,"column":null}}]},"5":{"loc":{"start":{"line":92,"column":9},"end":{"line":95,"column":52}},"type":"cond-expr","locations":[{"start":{"line":95,"column":3},"end":{"line":95,"column":45}},{"start":{"line":95,"column":48},"end":{"line":95,"column":52}}]},"6":{"loc":{"start":{"line":146,"column":2},"end":{"line":147,"column":null}},"type":"if","locations":[{"start":{"line":146,"column":2},"end":{"line":147,"column":null}}]},"7":{"loc":{"start":{"line":148,"column":50},"end":{"line":148,"column":78}},"type":"cond-expr","locations":[{"start":{"line":148,"column":63},"end":{"line":148,"column":69}},{"start":{"line":148,"column":72},"end":{"line":148,"column":78}}]},"8":{"loc":{"start":{"line":157,"column":9},"end":{"line":157,"column":48}},"type":"cond-expr","locations":[{"start":{"line":157,"column":22},"end":{"line":157,"column":23}},{"start":{"line":157,"column":26},"end":{"line":157,"column":48}}]}},"s":{"0":7,"1":7,"2":26,"3":1,"4":25,"5":26,"6":1,"7":1,"8":2,"9":1,"10":1,"11":6,"12":6,"13":1,"14":5,"15":20,"16":31,"17":3,"18":2,"19":2,"20":18,"21":18,"22":18,"23":1,"24":1,"25":2,"26":2,"27":4,"28":2,"29":4,"30":28,"31":1,"32":1,"33":1,"34":1,"35":2,"36":2},"f":{"0":7,"1":26,"2":1,"3":2,"4":6,"5":6,"6":20,"7":31,"8":3,"9":2,"10":18,"11":1,"12":2,"13":4,"14":4,"15":28,"16":1,"17":1},"b":{"0":[7,7],"1":[1,25],"2":[1],"3":[4,2],"4":[1],"5":[18,2],"6":[2],"7":[2,0],"8":[25,3]}}
}
